<?xml version="1.0" encoding="UTF-8"?>
<!-- Generated by org.testng.reporters.JUnitReportReporter -->
<testsuite hostname="LAPTOP-RISIA25B" name="Academy.validateNavigationBar" tests="1" failures="0" timestamp="17 Sep 2021 11:28:18 GMT" time="0.183" errors="0">
  <testcase name="basePageNavigation" time="0.183" classname="Academy.validateNavigationBar"/>
</testsuite> <!-- Academy.validateNavigationBar -->
