<?xml version="1.0" encoding="UTF-8"?>
<!-- Generated by org.testng.reporters.JUnitReportReporter -->
<testsuite hostname="LAPTOP-RISIA25B" name="Academy.HomePage" tests="2" failures="0" timestamp="17 Sep 2021 12:00:46 GMT" time="16.089" errors="0">
  <testcase name="basePageNavigation" time="11.595" classname="Academy.HomePage"/>
  <testcase name="basePageNavigation" time="4.494" classname="Academy.HomePage"/>
</testsuite> <!-- Academy.HomePage -->
