<?xml version="1.0" encoding="UTF-8"?>
<!-- Generated by org.testng.reporters.JUnitReportReporter -->
<testsuite skipped="0" hostname="LAPTOP-RISIA25B" name="ShoppingCart.Amezon.HomePage" tests="1" failures="0" timestamp="2022-02-24T12:09:47 IST" time="37.020" errors="0">
  <testcase name="homePageNavigation" time="37.020" classname="ShoppingCart.Amezon.HomePage"/>
  <system-out/>
</testsuite> <!-- ShoppingCart.Amezon.HomePage -->
