<?xml version="1.0" encoding="UTF-8"?>
<!-- Generated by org.testng.reporters.JUnitReportReporter -->
<testsuite hostname="LAPTOP-RISIA25B" name="Academy.validateNavigationBar" tests="1" failures="0" timestamp="26 Jul 2021 09:47:23 GMT" time="0.206" errors="0">
  <testcase name="validateAppNavBar" time="0.206" classname="Academy.validateNavigationBar"/>
</testsuite> <!-- Academy.validateNavigationBar -->
