<?xml version="1.0" encoding="UTF-8"?>
<!-- Generated by org.testng.reporters.JUnitReportReporter -->
<testsuite hostname="LAPTOP-RISIA25B" name="Academy.HomePage" tests="2" failures="0" timestamp="17 Sep 2021 12:03:21 GMT" time="33.263" errors="0">
  <testcase name="basePageNavigation" time="8.832" classname="Academy.HomePage"/>
  <testcase name="basePageNavigation" time="24.431" classname="Academy.HomePage"/>
</testsuite> <!-- Academy.HomePage -->
