<?xml version="1.0" encoding="UTF-8"?>
<!-- Generated by org.testng.reporters.JUnitReportReporter -->
<testsuite hostname="LAPTOP-RISIA25B" name="Academy.validateNavigationBar" tests="1" failures="0" timestamp="17 Sep 2021 12:03:21 GMT" time="11.476" errors="0">
  <testcase name="basePageNavigation" time="11.476" classname="Academy.validateNavigationBar"/>
</testsuite> <!-- Academy.validateNavigationBar -->
